Arguments: 
  C:\Program Files\nodejs\node.exe C:\Users\Jeremie\AppData\Roaming\npm\node_modules\yarn\bin\yarn.js start:dev

PATH: 
  C:\Program Files (x86)\Intel\iCLS Client\;C:\ProgramData\Oracle\Java\javapath;C:\Program Files (x86)\Common Files\Intel\Shared Libraries\redist\intel64\compiler;C:\Program Files\Intel\iCLS Client\;C:\Windows\system32;C:\Windows;C:\Windows\System32\Wbem;C:\Windows\System32\WindowsPowerShell\v1.0\;C:\Program Files (x86)\NVIDIA Corporation\PhysX\Common;C:\MinGW\bin;C:\Program Files\Git\cmd;C:\Program Files\Common Files\Autodesk Shared\;C:\Program Files (x86)\Autodesk\Backburner\;C:\WINDOWS\system32;C:\WINDOWS;C:\WINDOWS\System32\Wbem;C:\WINDOWS\System32\WindowsPowerShell\v1.0\;C:\Program Files\dotnet\;C:\Program Files\Microsoft SQL Server\130\Tools\Binn\;C:\Program Files (x86)\GtkSharp\2.12\bin;C:\SDL2-2.0.7\include;C:\Program Files\CMake\bin;C:\php;C:\ProgramData\ComposerSetup\bin;C:\Program Files\doxygen\bin;C:\Program Files (x86)\Intel\Intel(R) Management Engine Components\DAL;C:\Program Files\Intel\Intel(R) Management Engine Components\DAL;C:\Program Files (x86)\Intel\Intel(R) Management Engine Components\IPT;C:\Program Files\Intel\Intel(R) Management Engine Components\IPT;C:\Program Files\nodejs\;C:\Program Files\Python36\;C:\Program Files\PuTTY\;C:\WINDOWS\System32\OpenSSH\;C:\Program Files\Java\jdk-10.0.1\bin;C:\wamp64\bin\mysql\mysql5.7.19\bin;;C:\Program Files\Microsoft VS Code\bin;C:\Ruby24-x64\bin;C:\Users\Jeremie\AppData\Local\Microsoft\WindowsApps;C:\Users\Jeremie\AppData\Local\Microsoft\WindowsApps;C:\Program Files\Microsoft VS Code\bin;C:\Users\Jeremie\AppData\Roaming\Composer\vendor\bin;C:\Users\Jeremie\AppData\Roaming\npm;C:\Users\Jeremie\AppData\Local\Programs\Microsoft VS Code\bin

Yarn version: 
  1.5.1

Node version: 
  9.9.0

Platform: 
  win32 x64

npm manifest: 
  {
    "name": "jmetterrothan-lightbox",
    "version": "1.0.0",
    "description": "",
    "main": "index.js",
    "repository": "",
    "author": "Jérémie Metter-Rothan",
    "license": "MIT",
    "dependencies": {
      "uniqid": "^5.0.3"
    },
    "devDependencies": {}
  }

yarn manifest: 
  No manifest

Lockfile: 
  # THIS IS AN AUTOGENERATED FILE. DO NOT EDIT THIS FILE DIRECTLY.
  # yarn lockfile v1
  
  
  uniqid@^5.0.3:
    version "5.0.3"
    resolved "https://registry.yarnpkg.com/uniqid/-/uniqid-5.0.3.tgz#917968310edc868d50df6c44f783f32c7d80fac1"

Trace: 
  Error: Command "start:dev" not found.
      at new MessageError (C:\Users\Jeremie\AppData\Roaming\npm\node_modules\yarn\lib\cli.js:186:110)
      at C:\Users\Jeremie\AppData\Roaming\npm\node_modules\yarn\lib\cli.js:87307:17
      at Generator.next (<anonymous>)
      at step (C:\Users\Jeremie\AppData\Roaming\npm\node_modules\yarn\lib\cli.js:98:30)
      at C:\Users\Jeremie\AppData\Roaming\npm\node_modules\yarn\lib\cli.js:116:14
      at new Promise (<anonymous>)
      at new F (C:\Users\Jeremie\AppData\Roaming\npm\node_modules\yarn\lib\cli.js:23451:28)
      at C:\Users\Jeremie\AppData\Roaming\npm\node_modules\yarn\lib\cli.js:95:12
      at runCommand (C:\Users\Jeremie\AppData\Roaming\npm\node_modules\yarn\lib\cli.js:87312:22)
      at Object.<anonymous> (C:\Users\Jeremie\AppData\Roaming\npm\node_modules\yarn\lib\cli.js:87412:14)
